\BOOKMARK [0][-]{chapter.1}{Introducci\363n}{}% 1
\BOOKMARK [1][-]{section.1.1}{Antecedentes del Problema}{chapter.1}% 2
\BOOKMARK [1][-]{section.1.2}{Planteamiento del Problema}{chapter.1}% 3
\BOOKMARK [1][-]{section.1.3}{Hip\363tesis}{chapter.1}% 4
\BOOKMARK [1][-]{section.1.4}{Objetivos}{chapter.1}% 5
\BOOKMARK [2][-]{subsection.1.4.1}{Objetivos Generales}{section.1.4}% 6
\BOOKMARK [2][-]{subsection.1.4.2}{Objetivos Espec\355ficos}{section.1.4}% 7
\BOOKMARK [1][-]{section.1.5}{Justificaci\363n}{chapter.1}% 8
\BOOKMARK [0][-]{chapter.2}{Marco Teorico}{}% 9
\BOOKMARK [1][-]{section.2.1}{\277Qu\351 es el expediente cl\355nico electr\363nico?}{chapter.2}% 10
\BOOKMARK [1][-]{section.2.2}{Est\341ndares y protocolos}{chapter.2}% 11
\BOOKMARK [1][-]{section.2.3}{Aspectos legales}{chapter.2}% 12
\BOOKMARK [1][-]{section.2.4}{El Desarrollo de un expediente cl\355nico electr\363nico}{chapter.2}% 13
\BOOKMARK [2][-]{subsection.2.4.1}{Por qu\351 MVC}{section.2.4}% 14
\BOOKMARK [1][-]{section.2.5}{Modelos}{chapter.2}% 15
\BOOKMARK [1][-]{section.2.6}{Vistas}{chapter.2}% 16
\BOOKMARK [1][-]{section.2.7}{Controladores}{chapter.2}% 17
\BOOKMARK [2][-]{subsection.2.7.1}{Angular}{section.2.7}% 18
\BOOKMARK [2][-]{subsection.2.7.2}{TypeScript}{section.2.7}% 19
\BOOKMARK [2][-]{subsection.2.7.3}{Bulma}{section.2.7}% 20
\BOOKMARK [2][-]{subsection.2.7.4}{MySQL}{section.2.7}% 21
\BOOKMARK [0][-]{chapter.3}{Trabajo Relacionado}{}% 22
\BOOKMARK [1][-]{section.3.1}{Expediente Cl\355nico Electr\363nico \205 ISSSTEMed}{chapter.3}% 23
\BOOKMARK [2][-]{subsection.3.1.1}{Elementos de programaci\363n y desarrollo del sistema}{section.3.1}% 24
\BOOKMARK [2][-]{subsection.3.1.2}{Aplicaci\363n}{section.3.1}% 25
\BOOKMARK [2][-]{subsection.3.1.3}{Acciones de mejora Fortalecimiento de la infraestructura tecnol\363gica }{section.3.1}% 26
\BOOKMARK [1][-]{section.3.2}{Virtualmedik}{chapter.3}% 27
\BOOKMARK [2][-]{subsection.3.2.1}{Expediente Cl\355nico Electr\363nico}{section.3.2}% 28
\BOOKMARK [2][-]{subsection.3.2.2}{Caracter\355sticas}{section.3.2}% 29
\BOOKMARK [2][-]{subsection.3.2.3}{Descarga de la aplicaci\363n:}{section.3.2}% 30
\BOOKMARK [1][-]{section.3.3}{MediSel}{chapter.3}% 31
\BOOKMARK [2][-]{subsection.3.3.1}{Caracter\355sticas}{section.3.3}% 32
\BOOKMARK [2][-]{subsection.3.3.2}{Esquemas de trabajo en los que puede ser configurado MediSel}{section.3.3}% 33
\BOOKMARK [3][-]{subsubsection.3.3.2.1}{Un consultorio m\351dico.}{subsection.3.3.2}% 34
\BOOKMARK [3][-]{subsubsection.3.3.2.2}{Varios consultorios m\351dicos.}{subsection.3.3.2}% 35
\BOOKMARK [3][-]{subsubsection.3.3.2.3}{Cl\355nica o Centro de Atenci\363n M\351dica.}{subsection.3.3.2}% 36
\BOOKMARK [3][-]{subsubsection.3.3.2.4}{Red estatal o nacional de salud.}{subsection.3.3.2}% 37
\BOOKMARK [1][-]{section.3.4}{Elex}{chapter.3}% 38
\BOOKMARK [2][-]{subsection.3.4.1}{Caracter\355sticas:}{section.3.4}% 39
\BOOKMARK [2][-]{subsection.3.4.2}{Ventajas:}{section.3.4}% 40
\BOOKMARK [2][-]{subsection.3.4.3}{Beneficios:}{section.3.4}% 41
\BOOKMARK [1][-]{section.3.5}{Medyca}{chapter.3}% 42
\BOOKMARK [2][-]{subsection.3.5.1}{El Expediente Cl\355nico Electr\363nico del paciente, interact\372a tambi\351n con sistemas como los de:}{section.3.5}% 43
\BOOKMARK [0][-]{chapter.4}{Propuesta}{}% 44
\BOOKMARK [1][-]{section.4.1}{Propuesta T\351cnica}{chapter.4}% 45
\BOOKMARK [1][-]{section.4.2}{Imp\341cto}{chapter.4}% 46
\BOOKMARK [2][-]{subsection.4.2.1}{Imp\341cto Social}{section.4.2}% 47
\BOOKMARK [2][-]{subsection.4.2.2}{Imp\341cto Tecnol\363gico}{section.4.2}% 48
\BOOKMARK [1][-]{section.4.3}{M\351todo a desarrollar}{chapter.4}% 49
\BOOKMARK [2][-]{subsection.4.3.1}{}{section.4.3}% 50
\BOOKMARK [2][-]{subsection.4.3.2}{}{section.4.3}% 51
\BOOKMARK [1][-]{section.4.4}{Angular }{chapter.4}% 52
\BOOKMARK [1][-]{section.4.5}{Bulma}{chapter.4}% 53
\BOOKMARK [1][-]{section.4.6}{ Mysql}{chapter.4}% 54
\BOOKMARK [1][-]{section.4.7}{Typescript}{chapter.4}% 55
\BOOKMARK [2][-]{subsection.4.7.1}{\277Qu\351 es un superset?}{section.4.7}% 56
\BOOKMARK [0][-]{chapter.5}{Desarrollo y Resultados Preliminares del m\351todo propuesto}{}% 57
\BOOKMARK [1][-]{section.5.1}{Desarrollo Preliminar}{chapter.5}% 58
\BOOKMARK [1][-]{section.5.2}{Resultados Preliminares}{chapter.5}% 59
\BOOKMARK [0][-]{chapter.6}{Concluciones}{}% 60
\BOOKMARK [0][-]{appendix.A}{Observaciones Resueltas}{}% 61
\BOOKMARK [1][-]{section.A.1}{Observaciones del Asesor: Dr. Jesus Carlos S\341nchez G\372zman}{appendix.A}% 62
\BOOKMARK [2][-]{subsection.A.1.1}{Observaciones realizadas}{section.A.1}% 63
\BOOKMARK [2][-]{subsection.A.1.2}{Correcciones realizadas}{section.A.1}% 64
\BOOKMARK [1][-]{section.A.2}{Observaciones del Revisor 01: Dra. Mar\355a Candelaria Guti\351rrez G\363mez}{appendix.A}% 65
\BOOKMARK [2][-]{subsection.A.2.1}{Observaciones realizadas}{section.A.2}% 66
\BOOKMARK [2][-]{subsection.A.2.2}{Correcciones realizadas}{section.A.2}% 67
\BOOKMARK [1][-]{section.A.3}{Observaciones del Revisor 02: M.C.A Imelda Valles L\363pez}{appendix.A}% 68
\BOOKMARK [2][-]{subsection.A.3.1}{Observaciones realizadas}{section.A.3}% 69
\BOOKMARK [2][-]{subsection.A.3.2}{Correcciones realizadas}{section.A.3}% 70
\BOOKMARK [0][-]{appendix.B}{Varios}{}% 71
\BOOKMARK [1][-]{section.B.1}{Insertar Im\341genes}{appendix.B}% 72
